<?xml version="1.0" encoding="UTF-8"?>
<testng-results skipped="0" failed="0" ignored="0" total="2" passed="2">
  <reporter-output>
  </reporter-output>
  <suite name="Suite" duration-ms="33708" started-at="2020-06-13T11:12:08 IST" finished-at="2020-06-13T11:12:41 IST">
    <groups>
    </groups>
    <test name="Test" duration-ms="33708" started-at="2020-06-13T11:12:08 IST" finished-at="2020-06-13T11:12:41 IST">
      <class name="week3.ParallelExcecution">
        <test-method status="PASS" signature="run()[pri:0, instance:week3.ParallelExcecution@30a3107a]" name="run" duration-ms="13462" started-at="2020-06-13T11:12:08 IST" finished-at="2020-06-13T11:12:21 IST">
          <reporter-output>
          </reporter-output>
        </test-method> <!-- run -->
      </class> <!-- week3.ParallelExcecution -->
      <class name="week3.ParallelExcecution2">
        <test-method status="PASS" signature="run()[pri:0, instance:week3.ParallelExcecution2@33c7e1bb]" name="run" duration-ms="33665" started-at="2020-06-13T11:12:08 IST" finished-at="2020-06-13T11:12:41 IST">
          <reporter-output>
          </reporter-output>
        </test-method> <!-- run -->
      </class> <!-- week3.ParallelExcecution2 -->
    </test> <!-- Test -->
  </suite> <!-- Suite -->
</testng-results>
